<?xml version="1.0" encoding="UTF-8"?>
<!-- Generated by org.testng.reporters.JUnitReportReporter -->
<testsuite hostname="IN-PG02NMDP" failures="0" tests="1" name="testCases.HomePageTest" time="39.125" errors="0" timestamp="2024-07-30T16:35:50 IST" skipped="0">
  <testcase classname="testCases.HomePageTest" name="HomePage_busSearchResultTest" time="39.125"/>
  <system-out/>
</testsuite> <!-- testCases.HomePageTest -->
