<?xml version="1.0" encoding="UTF-8"?>
<!-- Generated by org.testng.reporters.JUnitReportReporter -->
<testsuite hostname="IN-PG02NMDP" failures="0" tests="1" name="testCases.ShowMyTicketPageTest" time="2.675" errors="0" timestamp="2024-07-29T18:44:57 IST" skipped="0">
  <testcase classname="testCases.ShowMyTicketPageTest" name="ShowMyTicketPage_errorMessageOnInvalidTicketTest" time="2.675"/>
  <system-out/>
</testsuite> <!-- testCases.ShowMyTicketPageTest -->
