<?xml version="1.0" encoding="UTF-8"?>
<!-- Generated by org.testng.reporters.JUnitReportReporter -->
<testsuite hostname="IN-PG02NMDP" failures="0" tests="1" name="testCases.HelpPageTest" time="2.864" errors="0" timestamp="2024-07-29T18:44:57 IST" skipped="0">
  <testcase classname="testCases.HelpPageTest" name="HelpPage_helpPageNavigationTest" time="2.864"/>
  <system-out/>
</testsuite> <!-- testCases.HelpPageTest -->
