<?xml version="1.0" encoding="UTF-8"?>
<!-- Generated by org.testng.reporters.JUnitReportReporter -->
<testsuite hostname="IN-PG02NMDP" failures="0" tests="1" name="testCases.ShowMyTicketPageTest" time="7.472" errors="0" timestamp="2024-04-21T17:57:51 IST" skipped="0">
  <testcase classname="testCases.ShowMyTicketPageTest" name="ShowMyTicketPage_errorMessageOnInvalidTicketTest" time="7.472"/>
</testsuite> <!-- testCases.ShowMyTicketPageTest -->
