<?xml version="1.0" encoding="UTF-8"?>
<!-- Generated by org.testng.reporters.JUnitReportReporter -->
<testsuite hostname="IN-PG02NMDP" failures="0" tests="8" name="testCases.HomePageTest" time="45.838" errors="0" timestamp="2024-04-21T17:57:51 IST" skipped="0">
  <testcase classname="testCases.HomePageTest" name="HomePage_homePageTitleTest" time="2.342"/>
  <testcase classname="testCases.HomePageTest" name="HomePage_busTicketPageNavigationTest" time="4.046"/>
  <testcase classname="testCases.HomePageTest" name="HomePage_trainTicketsPageNavigationtTest" time="3.259"/>
  <testcase classname="testCases.HomePageTest" name="HomePage_busSearchResultTest" time="17.645"/>
  <testcase classname="testCases.HomePageTest" name="HomePage_facebookPageNavigationTest" time="3.771"/>
  <testcase classname="testCases.HomePageTest" name="HomePage_linkedInPageNavigationTest" time="6.493"/>
  <testcase classname="testCases.HomePageTest" name="HomePage_twitterPageNavigationTest" time="5.228"/>
  <testcase classname="testCases.HomePageTest" name="HomePage_instagramPageNavigationTest" time="3.054"/>
</testsuite> <!-- testCases.HomePageTest -->
