<?xml version="1.0" encoding="UTF-8"?>
<!-- Generated by org.testng.reporters.JUnitReportReporter -->
<testsuite hostname="IN-PG02NMDP" failures="0" tests="1" name="testCases.HelpPageTest" time="5.589" errors="0" timestamp="2024-04-21T17:57:51 IST" skipped="0">
  <testcase classname="testCases.HelpPageTest" name="HelpPage_helpPageNavigationTest" time="5.589"/>
</testsuite> <!-- testCases.HelpPageTest -->
