<?xml version="1.0" encoding="UTF-8"?>
<!-- Generated by org.testng.reporters.JUnitReportReporter -->
<testsuite hostname="IN-PG02NMDP" failures="0" tests="2" name="testCases.CancelTicketPageTest" time="10.476" errors="0" timestamp="2024-04-21T17:57:51 IST" skipped="0">
  <testcase classname="testCases.CancelTicketPageTest" name="CancelTicketPage_pageNavigationTest" time="5.930"/>
  <testcase classname="testCases.CancelTicketPageTest" name="CancelTicketPage_errorMsgOnInvalidTicketNumberTest" time="4.546"/>
</testsuite> <!-- testCases.CancelTicketPageTest -->
